\BOOKMARK [0][-]{chapter.1}{\376\377\000I\000n\000t\000r\000o\000d\000u\000c\000t\000i\000o\000n}{}% 1
\BOOKMARK [1][-]{section.1.1}{\376\377\000A\000b\000s\000t\000r\000a\000c\000t}{chapter.1}% 2
\BOOKMARK [1][-]{section.1.2}{\376\377\000I\000n\000t\000r\000o\000d\000u\000c\000t\000i\000o\000n}{chapter.1}% 3
\BOOKMARK [2][-]{subsection.1.2.1}{\376\377\000H\000P\000P\000D\000\040\000H\000e\000r\000b\000i\000c\000i\000d\000e\000s}{section.1.2}% 4
\BOOKMARK [0][-]{chapter.2}{\376\377\000S\000c\000r\000e\000e\000n\000i\000n\000g\000\040\000F\000i\000s\000t}{}% 5
\BOOKMARK [1][-]{section.2.1}{\376\377\000A\000b\000s\000t\000r\000a\000c\000t}{chapter.2}% 6
\BOOKMARK [1][-]{section.2.2}{\376\377\000I\000n\000t\000r\000o\000d\000u\000c\000t\000i\000o\000n}{chapter.2}% 7
\BOOKMARK [2][-]{subsection.2.2.1}{\376\377\000E\000n\000g\000i\000n\000e\000e\000r\000i\000n\000g\000\040\000P\000r\000o\000b\000l\000e\000m\000\040\000a\000n\000d\000\040\000C\000o\000n\000t\000e\000x\000t}{section.2.2}% 8
\BOOKMARK [2][-]{subsection.2.2.2}{\376\377\000T\000e\000c\000h\000n\000o\000l\000o\000g\000i\000e\000s\000\040\000U\000s\000e\000d}{section.2.2}% 9
\BOOKMARK [2][-]{subsection.2.2.3}{\376\377\000R\000e\000l\000a\000t\000e\000d\000\040\000W\000o\000r\000k}{section.2.2}% 10
\BOOKMARK [2][-]{subsection.2.2.4}{\376\377\000O\000v\000e\000r\000v\000i\000e\000w\000\040\000o\000f\000\040\000T\000h\000i\000s\000\040\000W\000o\000r\000k}{section.2.2}% 11
\BOOKMARK [1][-]{section.2.3}{\376\377\000M\000e\000t\000h\000o\000d\000s\000\040\000a\000n\000d\000\040\000D\000e\000v\000e\000l\000o\000p\000m\000e\000n\000t}{chapter.2}% 12
\BOOKMARK [2][-]{subsection.2.3.1}{\376\377\000A\000s\000s\000a\000y\000\040\000D\000e\000v\000e\000l\000o\000p\000m\000e\000n\000t}{section.2.3}% 13
\BOOKMARK [2][-]{subsection.2.3.2}{\376\377\000A\000s\000s\000a\000y\000\040\000P\000r\000o\000t\000o\000c\000o\000l}{section.2.3}% 14
\BOOKMARK [2][-]{subsection.2.3.3}{\376\377\000E\000n\000z\000y\000m\000e\000\040\000P\000r\000o\000d\000u\000c\000t\000i\000o\000n}{section.2.3}% 15
\BOOKMARK [2][-]{subsection.2.3.4}{\376\377\000P\000r\000o\000t\000e\000i\000n\000\040\000E\000x\000p\000r\000e\000s\000s\000i\000o\000n}{section.2.3}% 16
\BOOKMARK [2][-]{subsection.2.3.5}{\376\377\000S\000c\000r\000e\000e\000n\000i\000n\000g}{section.2.3}% 17
\BOOKMARK [2][-]{subsection.2.3.6}{\376\377\000M\000o\000d\000e\000l\000\040\000D\000e\000s\000i\000g\000n\000\040\000a\000n\000d\000\040\000C\000o\000n\000s\000t\000r\000u\000c\000t\000i\000o\000n}{section.2.3}% 18
\BOOKMARK [1][-]{section.2.4}{\376\377\000R\000e\000s\000u\000l\000t\000s}{chapter.2}% 19
\BOOKMARK [2][-]{subsection.2.4.1}{\376\377\000S\000c\000r\000e\000e\000n\000i\000n\000g\000\040\000D\000a\000t\000a\000\040\000A\000n\000a\000l\000y\000s\000i\000s}{section.2.4}% 20
\BOOKMARK [2][-]{subsection.2.4.2}{\376\377\000M\000o\000d\000e\000l\000\040\000T\000r\000a\000i\000n\000i\000n\000g}{section.2.4}% 21
\BOOKMARK [2][-]{subsection.2.4.3}{\376\377\000M\000o\000d\000e\000l\000\040\000A\000p\000p\000l\000i\000c\000a\000t\000i\000o\000n}{section.2.4}% 22
\BOOKMARK [1][-]{section.2.5}{\376\377\000D\000i\000s\000c\000u\000s\000s\000i\000o\000n\000\040\000a\000n\000d\000\040\000F\000u\000t\000u\000r\000e\000\040\000W\000o\000r\000k}{chapter.2}% 23
\BOOKMARK [0][-]{chapter.3}{\376\377\000V\000i\000r\000t\000u\000a\000l\000\040\000D\000i\000r\000e\000c\000t\000e\000d\000\040\000E\000v\000o\000l\000u\000t\000i\000o\000n}{}% 24
\BOOKMARK [1][-]{section.3.1}{\376\377\000A\000b\000s\000t\000r\000a\000c\000t}{chapter.3}% 25
\BOOKMARK [1][-]{section.3.2}{\376\377\000I\000n\000t\000r\000o\000d\000u\000c\000t\000i\000o\000n}{chapter.3}% 26
\BOOKMARK [2][-]{subsection.3.2.1}{\376\377\000B\000a\000c\000k\000g\000r\000o\000u\000n\000d}{section.3.2}% 27
\BOOKMARK [2][-]{subsection.3.2.2}{\376\377\000T\000e\000c\000h\000n\000o\000l\000o\000g\000i\000e\000s\000\040\000U\000s\000e\000d}{section.3.2}% 28
\BOOKMARK [2][-]{subsection.3.2.3}{\376\377\000O\000v\000e\000r\000v\000i\000e\000w\000\040\000o\000f\000\040\000t\000h\000i\000s\000\040\000W\000o\000r\000k}{section.3.2}% 29
\BOOKMARK [1][-]{section.3.3}{\376\377\000M\000e\000t\000h\000o\000d\000s}{chapter.3}% 30
\BOOKMARK [2][-]{subsection.3.3.1}{\376\377\000e\000n\000z\000\040}{section.3.3}% 31
\BOOKMARK [2][-]{subsection.3.3.2}{\376\377\000S\000c\000o\000r\000e\000\040\000f\000u\000n\000c\000t\000i\000o\000n\000\040}{section.3.3}% 32
\BOOKMARK [2][-]{subsection.3.3.3}{\376\377\000G\000e\000n\000e\000t\000i\000c\000\040\000A\000l\000g\000o\000r\000i\000t\000h\000m\000\040}{section.3.3}% 33
\BOOKMARK [2][-]{subsection.3.3.4}{\376\377\000M\000a\000i\000n\000\040\000F\000u\000n\000c\000t\000i\000o\000n\000\040}{section.3.3}% 34
\BOOKMARK [2][-]{subsection.3.3.5}{\376\377\000C\000l\000o\000u\000d\000\040\000D\000e\000p\000l\000o\000y\000m\000e\000n\000t\000\040}{section.3.3}% 35
\BOOKMARK [1][-]{section.3.4}{\376\377\000R\000e\000s\000u\000l\000t\000s}{chapter.3}% 36
\BOOKMARK [1][-]{section.3.5}{\376\377\000D\000i\000s\000c\000u\000s\000s\000i\000o\000n\000\040\000a\000n\000d\000\040\000F\000u\000t\000u\000r\000e\000\040\000W\000o\000r\000k}{chapter.3}% 37
